07-04-2017 05:00:11  Error: #42S02 -> SQLSTATE[42S02]: Base table or view not found: 1146 Table 'proyecto_grado.usuariiio' doesn't exist Archivo: C:\xampp\htdocs\LifeSaver\model\usu.model.php Linea: (25)
07-04-2017 05:02:36  Error: #HY093 -> SQLSTATE[HY093]: Invalid parameter number: number of bound variables does not match number of tokens Archivo: C:\xampp\htdocs\LifeSaver\model\usu.model.php Linea: (25)
07-04-2017 05:06:29  Error: #HY093 -> SQLSTATE[HY093]: Invalid parameter number: number of bound variables does not match number of tokens Archivo: C:\xampp\htdocs\LifeSaver\model\usu.model.php Linea: (25)
17-04-2017 08:01:46  Error: #23000 -> SQLSTATE[23000]: Integrity constraint violation: 1048 Column 'usu_nom' cannot be null Archivo: C:\xampp\htdocs\LifeSaver\model\usu.model.php Linea: (25)
17-04-2017 08:03:02  Error: #23000 -> SQLSTATE[23000]: Integrity constraint violation: 1048 Column 'usu_nom' cannot be null Archivo: C:\xampp\htdocs\LifeSaver\model\usu.model.php Linea: (25)
17-04-2017 08:03:02  Error: #23000 -> SQLSTATE[23000]: Integrity constraint violation: 1048 Column 'usu_nom' cannot be null Archivo: C:\xampp\htdocs\LifeSaver\model\usu.model.php Linea: (25)
17-04-2017 08:03:02  Error: #23000 -> SQLSTATE[23000]: Integrity constraint violation: 1048 Column 'usu_nom' cannot be null Archivo: C:\xampp\htdocs\LifeSaver\model\usu.model.php Linea: (25)
17-04-2017 08:03:03  Error: #23000 -> SQLSTATE[23000]: Integrity constraint violation: 1048 Column 'usu_nom' cannot be null Archivo: C:\xampp\htdocs\LifeSaver\model\usu.model.php Linea: (25)
17-04-2017 08:03:03  Error: #23000 -> SQLSTATE[23000]: Integrity constraint violation: 1048 Column 'usu_nom' cannot be null Archivo: C:\xampp\htdocs\LifeSaver\model\usu.model.php Linea: (25)
17-04-2017 08:07:42  Error: #23000 -> SQLSTATE[23000]: Integrity constraint violation: 1048 Column 'usu_nom' cannot be null Archivo: C:\xampp\htdocs\LifeSaver\model\usu.model.php Linea: (25)
17-04-2017 08:08:31  Error: #23000 -> SQLSTATE[23000]: Integrity constraint violation: 1048 Column 'usu_nom' cannot be null Archivo: C:\xampp\htdocs\LifeSaver\model\usu.model.php Linea: (25)
17-04-2017 08:08:32  Error: #23000 -> SQLSTATE[23000]: Integrity constraint violation: 1048 Column 'usu_nom' cannot be null Archivo: C:\xampp\htdocs\LifeSaver\model\usu.model.php Linea: (25)
17-04-2017 08:08:33  Error: #23000 -> SQLSTATE[23000]: Integrity constraint violation: 1048 Column 'usu_nom' cannot be null Archivo: C:\xampp\htdocs\LifeSaver\model\usu.model.php Linea: (25)
17-04-2017 08:08:33  Error: #23000 -> SQLSTATE[23000]: Integrity constraint violation: 1048 Column 'usu_nom' cannot be null Archivo: C:\xampp\htdocs\LifeSaver\model\usu.model.php Linea: (25)
17-04-2017 08:08:34  Error: #23000 -> SQLSTATE[23000]: Integrity constraint violation: 1048 Column 'usu_nom' cannot be null Archivo: C:\xampp\htdocs\LifeSaver\model\usu.model.php Linea: (25)
17-04-2017 08:08:34  Error: #23000 -> SQLSTATE[23000]: Integrity constraint violation: 1048 Column 'usu_nom' cannot be null Archivo: C:\xampp\htdocs\LifeSaver\model\usu.model.php Linea: (25)
17-04-2017 08:08:34  Error: #23000 -> SQLSTATE[23000]: Integrity constraint violation: 1048 Column 'usu_nom' cannot be null Archivo: C:\xampp\htdocs\LifeSaver\model\usu.model.php Linea: (25)
21-04-2017 09:47:43  Error: #42S22 -> SQLSTATE[42S22]: Column not found: 1054 Unknown column 'usu_rol_cod' in 'field list' Archivo: C:\xampp\htdocs\LifeSaver\model\usu.model.php Linea: (25)
21-04-2017 10:24:00  Error: #42S22 -> SQLSTATE[42S22]: Column not found: 1054 Unknown column 'usu_rol_cod' in 'field list' Archivo: C:\xampp\htdocs\LifeSaver\model\usu.model.php Linea: (25)
21-04-2017 10:48:45  Error: #23000 -> SQLSTATE[23000]: Integrity constraint violation: 1062 Duplicate entry 'USUARIO-20170421-100445' for key 'PRIMARY' Archivo: C:\xampp\htdocs\LifeSaver\model\usu.model.php Linea: (25)
04-05-2017 02:29:36  Error: #HY093 -> SQLSTATE[HY093]: Invalid parameter number: number of bound variables does not match number of tokens Archivo: C:\xampp\htdocs\LifeSaver\model\usu.model.php Linea: (25)
04-05-2017 05:30:00  Error: #23000 -> SQLSTATE[23000]: Integrity constraint violation: 1048 Column 'usu_nom' cannot be null Archivo: C:\xampp\htdocs\LifeSaver\model\usu.model.php Linea: (25)
04-05-2017 05:35:30  Error: #23000 -> SQLSTATE[23000]: Integrity constraint violation: 1048 Column 'usu_nom' cannot be null Archivo: C:\xampp\htdocs\LifeSaver\model\usu.model.php Linea: (25)
04-05-2017 05:36:59  Error: #23000 -> SQLSTATE[23000]: Integrity constraint violation: 1048 Column 'usu_nom' cannot be null Archivo: C:\xampp\htdocs\LifeSaver\model\usu.model.php Linea: (25)
04-05-2017 06:46:44  Error: #23000 -> SQLSTATE[23000]: Integrity constraint violation: 1048 Column 'usu_nom' cannot be null Archivo: C:\xampp\htdocs\LifeSaver\model\usu.model.php Linea: (25)
04-05-2017 06:48:22  Error: #23000 -> SQLSTATE[23000]: Integrity constraint violation: 1048 Column 'usu_nom' cannot be null Archivo: C:\xampp\htdocs\LifeSaver\model\usu.model.php Linea: (25)
04-05-2017 06:49:11  Error: #23000 -> SQLSTATE[23000]: Integrity constraint violation: 1048 Column 'usu_nom' cannot be null Archivo: C:\xampp\htdocs\LifeSaver\model\usu.model.php Linea: (25)
04-05-2017 07:41:56  Error: #23000 -> SQLSTATE[23000]: Integrity constraint violation: 1048 Column 'usu_nom' cannot be null Archivo: C:\xampp\htdocs\LifeSaver\model\usu.model.php Linea: (25)
04-05-2017 07:48:12  Error: #23000 -> SQLSTATE[23000]: Integrity constraint violation: 1048 Column 'usu_nom' cannot be null Archivo: C:\xampp\htdocs\LifeSaver\model\usu.model.php Linea: (25)
04-05-2017 07:48:42  Error: #23000 -> SQLSTATE[23000]: Integrity constraint violation: 1048 Column 'usu_nom' cannot be null Archivo: C:\xampp\htdocs\LifeSaver\model\usu.model.php Linea: (25)
04-05-2017 07:49:23  Error: #23000 -> SQLSTATE[23000]: Integrity constraint violation: 1048 Column 'usu_nom' cannot be null Archivo: C:\xampp\htdocs\LifeSaver\model\usu.model.php Linea: (25)
04-05-2017 07:49:25  Error: #23000 -> SQLSTATE[23000]: Integrity constraint violation: 1048 Column 'usu_nom' cannot be null Archivo: C:\xampp\htdocs\LifeSaver\model\usu.model.php Linea: (25)
04-05-2017 07:50:13  Error: #23000 -> SQLSTATE[23000]: Integrity constraint violation: 1048 Column 'usu_nom' cannot be null Archivo: C:\xampp\htdocs\LifeSaver\model\usu.model.php Linea: (25)
04-05-2017 07:50:18  Error: #23000 -> SQLSTATE[23000]: Integrity constraint violation: 1048 Column 'usu_nom' cannot be null Archivo: C:\xampp\htdocs\LifeSaver\model\usu.model.php Linea: (25)
04-05-2017 07:50:23  Error: #23000 -> SQLSTATE[23000]: Integrity constraint violation: 1048 Column 'usu_nom' cannot be null Archivo: C:\xampp\htdocs\LifeSaver\model\usu.model.php Linea: (25)
04-05-2017 07:50:29  Error: #23000 -> SQLSTATE[23000]: Integrity constraint violation: 1048 Column 'usu_nom' cannot be null Archivo: C:\xampp\htdocs\LifeSaver\model\usu.model.php Linea: (25)
04-05-2017 08:19:16  Error: #23000 -> SQLSTATE[23000]: Integrity constraint violation: 1048 Column 'usu_nom' cannot be null Archivo: C:\xampp\htdocs\LifeSaver\model\usu.model.php Linea: (25)
04-05-2017 08:19:21  Error: #23000 -> SQLSTATE[23000]: Integrity constraint violation: 1048 Column 'usu_nom' cannot be null Archivo: C:\xampp\htdocs\LifeSaver\model\usu.model.php Linea: (25)
04-05-2017 08:20:01  Error: #23000 -> SQLSTATE[23000]: Integrity constraint violation: 1048 Column 'usu_nom' cannot be null Archivo: C:\xampp\htdocs\LifeSaver\model\usu.model.php Linea: (25)
04-05-2017 08:20:08  Error: #23000 -> SQLSTATE[23000]: Integrity constraint violation: 1048 Column 'usu_nom' cannot be null Archivo: C:\xampp\htdocs\LifeSaver\model\usu.model.php Linea: (25)
04-05-2017 08:21:28  Error: #23000 -> SQLSTATE[23000]: Integrity constraint violation: 1048 Column 'usu_nom' cannot be null Archivo: C:\xampp\htdocs\LifeSaver\model\usu.model.php Linea: (25)
04-05-2017 08:21:34  Error: #23000 -> SQLSTATE[23000]: Integrity constraint violation: 1048 Column 'usu_nom' cannot be null Archivo: C:\xampp\htdocs\LifeSaver\model\usu.model.php Linea: (25)
04-05-2017 08:23:49  Error: #23000 -> SQLSTATE[23000]: Integrity constraint violation: 1048 Column 'usu_nom' cannot be null Archivo: C:\xampp\htdocs\LifeSaver\model\usu.model.php Linea: (25)
04-05-2017 08:23:53  Error: #23000 -> SQLSTATE[23000]: Integrity constraint violation: 1048 Column 'usu_nom' cannot be null Archivo: C:\xampp\htdocs\LifeSaver\model\usu.model.php Linea: (25)
04-05-2017 08:24:46  Error: #23000 -> SQLSTATE[23000]: Integrity constraint violation: 1048 Column 'usu_nom' cannot be null Archivo: C:\xampp\htdocs\LifeSaver\model\usu.model.php Linea: (25)
04-05-2017 08:24:47  Error: #23000 -> SQLSTATE[23000]: Integrity constraint violation: 1048 Column 'usu_nom' cannot be null Archivo: C:\xampp\htdocs\LifeSaver\model\usu.model.php Linea: (25)
04-05-2017 08:25:19  Error: #23000 -> SQLSTATE[23000]: Integrity constraint violation: 1048 Column 'usu_nom' cannot be null Archivo: C:\xampp\htdocs\LifeSaver\model\usu.model.php Linea: (25)
04-05-2017 08:26:20  Error: #23000 -> SQLSTATE[23000]: Integrity constraint violation: 1048 Column 'usu_nom' cannot be null Archivo: C:\xampp\htdocs\LifeSaver\model\usu.model.php Linea: (25)
04-05-2017 08:27:16  Error: #23000 -> SQLSTATE[23000]: Integrity constraint violation: 1048 Column 'usu_nom' cannot be null Archivo: C:\xampp\htdocs\LifeSaver\model\usu.model.php Linea: (25)
04-05-2017 08:28:01  Error: #23000 -> SQLSTATE[23000]: Integrity constraint violation: 1048 Column 'usu_nom' cannot be null Archivo: C:\xampp\htdocs\LifeSaver\model\usu.model.php Linea: (25)
04-05-2017 08:29:48  Error: #23000 -> SQLSTATE[23000]: Integrity constraint violation: 1048 Column 'usu_nom' cannot be null Archivo: C:\xampp\htdocs\LifeSaver\model\usu.model.php Linea: (25)
04-05-2017 08:30:24  Error: #23000 -> SQLSTATE[23000]: Integrity constraint violation: 1048 Column 'usu_nom' cannot be null Archivo: C:\xampp\htdocs\LifeSaver\model\usu.model.php Linea: (25)
04-05-2017 08:32:38  Error: #23000 -> SQLSTATE[23000]: Integrity constraint violation: 1048 Column 'usu_nom' cannot be null Archivo: C:\xampp\htdocs\LifeSaver\model\usu.model.php Linea: (25)
04-05-2017 08:42:11  Error: #23000 -> SQLSTATE[23000]: Integrity constraint violation: 1048 Column 'usu_nom' cannot be null Archivo: C:\xampp\htdocs\LifeSaver\model\usu.model.php Linea: (25)
04-05-2017 08:50:51  Error: #23000 -> SQLSTATE[23000]: Integrity constraint violation: 1048 Column 'usu_nom' cannot be null Archivo: C:\xampp\htdocs\LifeSaver\model\usu.model.php Linea: (25)
04-05-2017 08:57:43  Error: #23000 -> SQLSTATE[23000]: Integrity constraint violation: 1048 Column 'usu_nom' cannot be null Archivo: C:\xampp\htdocs\LifeSaver\model\usu.model.php Linea: (25)
04-05-2017 09:01:28  Error: #23000 -> SQLSTATE[23000]: Integrity constraint violation: 1048 Column 'usu_nom' cannot be null Archivo: C:\xampp\htdocs\LifeSaver\model\usu.model.php Linea: (25)
04-05-2017 09:56:49  Error: #23000 -> SQLSTATE[23000]: Integrity constraint violation: 1048 Column 'usu_nom' cannot be null Archivo: C:\xampp\htdocs\LifeSaver\model\usu.model.php Linea: (25)
04-05-2017 09:56:56  Error: #23000 -> SQLSTATE[23000]: Integrity constraint violation: 1048 Column 'usu_nom' cannot be null Archivo: C:\xampp\htdocs\LifeSaver\model\usu.model.php Linea: (25)
04-05-2017 10:57:43  Error: #HY093 -> SQLSTATE[HY093]: Invalid parameter number: number of bound variables does not match number of tokens Archivo: C:\xampp\htdocs\LifeSaver\model\usu.model.php Linea: (25)
04-05-2017 11:11:01  Error: #HY093 -> SQLSTATE[HY093]: Invalid parameter number: number of bound variables does not match number of tokens Archivo: C:\xampp\htdocs\LifeSaver\model\usu.model.php Linea: (25)
04-05-2017 11:11:01  Error: #HY093 -> SQLSTATE[HY093]: Invalid parameter number: number of bound variables does not match number of tokens Archivo: C:\xampp\htdocs\LifeSaver\model\usu.model.php Linea: (25)
04-05-2017 11:12:35  Error: #HY093 -> SQLSTATE[HY093]: Invalid parameter number: number of bound variables does not match number of tokens Archivo: C:\xampp\htdocs\LifeSaver\model\usu.model.php Linea: (25)
04-05-2017 11:12:35  Error: #HY093 -> SQLSTATE[HY093]: Invalid parameter number: number of bound variables does not match number of tokens Archivo: C:\xampp\htdocs\LifeSaver\model\usu.model.php Linea: (25)
04-05-2017 11:13:43  Error: #HY093 -> SQLSTATE[HY093]: Invalid parameter number: number of bound variables does not match number of tokens Archivo: C:\xampp\htdocs\LifeSaver\model\usu.model.php Linea: (25)
04-05-2017 11:13:43  Error: #HY093 -> SQLSTATE[HY093]: Invalid parameter number: number of bound variables does not match number of tokens Archivo: C:\xampp\htdocs\LifeSaver\model\usu.model.php Linea: (25)
04-05-2017 11:14:23  Error: #HY093 -> SQLSTATE[HY093]: Invalid parameter number: number of bound variables does not match number of tokens Archivo: C:\xampp\htdocs\LifeSaver\model\usu.model.php Linea: (25)
04-05-2017 11:14:24  Error: #HY093 -> SQLSTATE[HY093]: Invalid parameter number: number of bound variables does not match number of tokens Archivo: C:\xampp\htdocs\LifeSaver\model\usu.model.php Linea: (25)
05-05-2017 12:12:18  Error: #HY093 -> SQLSTATE[HY093]: Invalid parameter number: number of bound variables does not match number of tokens Archivo: C:\xampp\htdocs\LifeSaver\model\usu.model.php Linea: (25)
05-05-2017 12:12:18  Error: #HY093 -> SQLSTATE[HY093]: Invalid parameter number: number of bound variables does not match number of tokens Archivo: C:\xampp\htdocs\LifeSaver\model\usu.model.php Linea: (25)
05-05-2017 12:13:48  Error: #HY093 -> SQLSTATE[HY093]: Invalid parameter number: number of bound variables does not match number of tokens Archivo: C:\xampp\htdocs\LifeSaver\model\usu.model.php Linea: (25)
08-05-2017 09:30:52  Error: #HY093 -> SQLSTATE[HY093]: Invalid parameter number: number of bound variables does not match number of tokens Archivo: C:\xampp\htdocs\LifeSaver\model\usu.model.php Linea: (25)
08-05-2017 09:30:52  Error: #HY093 -> SQLSTATE[HY093]: Invalid parameter number: number of bound variables does not match number of tokens Archivo: C:\xampp\htdocs\LifeSaver\model\usu.model.php Linea: (25)
08-05-2017 11:59:18  Error: #HY093 -> SQLSTATE[HY093]: Invalid parameter number: number of bound variables does not match number of tokens Archivo: C:\xampp\htdocs\LifeSaver\model\usu.model.php Linea: (25)
09-05-2017 09:16:13  Error: #HY093 -> SQLSTATE[HY093]: Invalid parameter number: number of bound variables does not match number of tokens Archivo: C:\xampp\htdocs\LifeSaver\model\usu.model.php Linea: (27)
09-05-2017 09:16:14  Error: #HY093 -> SQLSTATE[HY093]: Invalid parameter number: number of bound variables does not match number of tokens Archivo: C:\xampp\htdocs\LifeSaver\model\usu.model.php Linea: (27)
09-05-2017 09:18:50  Error: #23000 -> SQLSTATE[23000]: Integrity constraint violation: 1048 Column 'usu_nom' cannot be null Archivo: C:\xampp\htdocs\LifeSaver\model\usu.model.php Linea: (27)
09-05-2017 10:52:33  Error: #23000 -> SQLSTATE[23000]: Integrity constraint violation: 1048 Column 'usu_nom' cannot be null Archivo: C:\xampp\htdocs\LifeSaver\model\usu.model.php Linea: (27)
12-05-2017 09:17:16  Error: #23000 -> SQLSTATE[23000]: Integrity constraint violation: 1048 Column 'usu_nom' cannot be null Archivo: C:\xampp\htdocs\LifeSaver\model\usu.model.php Linea: (27)
12-05-2017 09:17:44  Error: #23000 -> SQLSTATE[23000]: Integrity constraint violation: 1048 Column 'usu_nom' cannot be null Archivo: C:\xampp\htdocs\LifeSaver\model\usu.model.php Linea: (27)
13-05-2017 05:16:24  Error: #23000 -> SQLSTATE[23000]: Integrity constraint violation: 1048 Column 'usu_nom' cannot be null Archivo: C:\xampp\htdocs\LifeSaver\model\usu.model.php Linea: (27)
17-05-2017 08:29:09  Error: #23000 -> SQLSTATE[23000]: Integrity constraint violation: 1048 Column 'usu_nom' cannot be null Archivo: C:\xampp\htdocs\LifeSaver\model\usu.model.php Linea: (28)
17-05-2017 08:32:26  Error: #23000 -> SQLSTATE[23000]: Integrity constraint violation: 1048 Column 'usu_nom' cannot be null Archivo: C:\xampp\htdocs\LifeSaver\model\usu.model.php Linea: (28)
17-05-2017 08:36:56  Error: #23000 -> SQLSTATE[23000]: Integrity constraint violation: 1048 Column 'usu_nom' cannot be null Archivo: C:\xampp\htdocs\LifeSaver\model\usu.model.php Linea: (28)
17-05-2017 08:39:18  Error: #23000 -> SQLSTATE[23000]: Integrity constraint violation: 1048 Column 'usu_nom' cannot be null Archivo: C:\xampp\htdocs\LifeSaver\model\usu.model.php Linea: (28)
17-05-2017 08:42:54  Error: #23000 -> SQLSTATE[23000]: Integrity constraint violation: 1048 Column 'usu_nom' cannot be null Archivo: C:\xampp\htdocs\LifeSaver\model\usu.model.php Linea: (28)
17-05-2017 09:15:22  Error: #23000 -> SQLSTATE[23000]: Integrity constraint violation: 1048 Column 'usu_nom' cannot be null Archivo: C:\xampp\htdocs\LifeSaver\model\usu.model.php Linea: (28)
17-05-2017 09:28:10  Error: #23000 -> SQLSTATE[23000]: Integrity constraint violation: 1048 Column 'usu_nom' cannot be null Archivo: C:\xampp\htdocs\LifeSaver\model\usu.model.php Linea: (28)
17-05-2017 09:31:11  Error: #23000 -> SQLSTATE[23000]: Integrity constraint violation: 1048 Column 'usu_nom' cannot be null Archivo: C:\xampp\htdocs\LifeSaver\model\usu.model.php Linea: (28)
17-05-2017 09:46:10  Error: #23000 -> SQLSTATE[23000]: Integrity constraint violation: 1048 Column 'usu_nom' cannot be null Archivo: C:\xampp\htdocs\LifeSaver\model\usu.model.php Linea: (28)
17-05-2017 09:52:40  Error: #23000 -> SQLSTATE[23000]: Integrity constraint violation: 1048 Column 'usu_nom' cannot be null Archivo: C:\xampp\htdocs\LifeSaver\model\usu.model.php Linea: (29)
17-05-2017 09:59:10  Error: #23000 -> SQLSTATE[23000]: Integrity constraint violation: 1048 Column 'usu_nom' cannot be null Archivo: C:\xampp\htdocs\LifeSaver\model\usu.model.php Linea: (29)
17-05-2017 10:00:32  Error: #23000 -> SQLSTATE[23000]: Integrity constraint violation: 1048 Column 'usu_nom' cannot be null Archivo: C:\xampp\htdocs\LifeSaver\model\usu.model.php Linea: (29)
17-05-2017 10:04:48  Error: #23000 -> SQLSTATE[23000]: Integrity constraint violation: 1048 Column 'usu_nom' cannot be null Archivo: C:\xampp\htdocs\LifeSaver\model\usu.model.php Linea: (29)
17-05-2017 10:20:59  Error: #23000 -> SQLSTATE[23000]: Integrity constraint violation: 1048 Column 'usu_nom' cannot be null Archivo: C:\xampp\htdocs\LifeSaver\model\usu.model.php Linea: (29)
17-05-2017 10:23:29  Error: #23000 -> SQLSTATE[23000]: Integrity constraint violation: 1048 Column 'usu_nom' cannot be null Archivo: C:\xampp\htdocs\LifeSaver\model\usu.model.php Linea: (29)
17-05-2017 10:25:27  Error: #23000 -> SQLSTATE[23000]: Integrity constraint violation: 1048 Column 'usu_nom' cannot be null Archivo: C:\xampp\htdocs\LifeSaver\model\usu.model.php Linea: (29)
17-05-2017 10:47:18  Error: #23000 -> SQLSTATE[23000]: Integrity constraint violation: 1048 Column 'usu_nom' cannot be null Archivo: C:\xampp\htdocs\LifeSaver\model\usu.model.php Linea: (29)
17-05-2017 11:17:30  Error: #23000 -> SQLSTATE[23000]: Integrity constraint violation: 1048 Column 'usu_nom' cannot be null Archivo: C:\xampp\htdocs\LifeSaver\model\usu.model.php Linea: (29)
08-06-2017 07:13:49  Error: #42S22 -> SQLSTATE[42S22]: Column not found: 1054 Unknown column 'rol_cod' in 'field list' Archivo: C:\xampp\htdocs\LifeSaver\model\usu.model.php Linea: (29)
08-06-2017 07:38:42  Error: #42S22 -> SQLSTATE[42S22]: Column not found: 1054 Unknown column 'rol_cod' in 'field list' Archivo: C:\xampp\htdocs\LifeSaver\model\usu.model.php Linea: (29)
08-06-2017 08:00:09  Error: #42S22 -> SQLSTATE[42S22]: Column not found: 1054 Unknown column 'rol_cod' in 'field list' Archivo: C:\xampp\htdocs\LifeSaver\model\usu.model.php Linea: (29)
09-06-2017 09:58:06  Error: #42S22 -> SQLSTATE[42S22]: Column not found: 1054 Unknown column 'rol_cod' in 'field list' Archivo: C:\xampp\htdocs\LifeSaver\model\usu.model.php Linea: (29)
09-06-2017 10:09:20  Error: #42S22 -> SQLSTATE[42S22]: Column not found: 1054 Unknown column 'rol_cod' in 'field list' Archivo: C:\xampp\htdocs\LifeSaver\model\usu.model.php Linea: (29)
01-07-2017 09:31:41  Error: #23000 -> SQLSTATE[23000]: Integrity constraint violation: 1048 Column 'usu_imagen' cannot be null Archivo: C:\xampp\htdocs\LifeSaver\model\usu.model.php Linea: (28)
